<?xml version="1.0" encoding="UTF-8"?>
<!-- Generated by org.testng.reporters.JUnitReportReporter -->
<testsuite skipped="0" hostname="DESKTOP-A1GG2FQ" name="com.maven.cms.ClinicalManagementSystem.TestCases.TC025_ClientphoneLinkTest" tests="1" failures="0" timestamp="2020-09-07T20:12:53 EDT" time="12.084" errors="0">
  <testcase name="verifyClientpgPhoneLink" time="12.084" classname="com.maven.cms.ClinicalManagementSystem.TestCases.TC025_ClientphoneLinkTest"/>
  <system-out/>
</testsuite> <!-- com.maven.cms.ClinicalManagementSystem.TestCases.TC025_ClientphoneLinkTest -->
